<?xml version="1.0" encoding="UTF-8"?>
<robot generator="Robot 3.1.2 (Python 3.6.0 on win32)" generated="20191228 22:31:16.435" rpa="false">
<suite id="s1" name="Project" source="C:\SE_test\project">
<suite id="s1-s1" name="HMS" source="C:\SE_test\project\HMS">
<suite id="s1-s1-s1" name="HMS-TC-01-11" source="C:\SE_test\project\HMS\HMS-TC-01-11.robot">
<test id="s1-s1-s1-t1" name="HMS-TC-10 Create care plan">
<kw name="Login" library="keyword" type="setup">
<kw name="Open Browser" library="SeleniumLibrary">
<doc>Opens a new browser instance to the given ``url``.</doc>
<arguments>
<arg>http://140.124.181.142:4200/</arg>
<arg>browser=chrome</arg>
</arguments>
<msg timestamp="20191228 22:31:16.624" level="INFO">Opening browser 'chrome' to base url 'http://140.124.181.142:4200/'.</msg>
<status status="PASS" starttime="20191228 22:31:16.624" endtime="20191228 22:31:24.287"></status>
</kw>
<kw name="Maximize Browser Window" library="SeleniumLibrary">
<doc>Maximizes current browser window.</doc>
<status status="PASS" starttime="20191228 22:31:24.289" endtime="20191228 22:31:28.423"></status>
</kw>
<kw name="Set Variable" library="BuiltIn">
<doc>Returns the given values which can then be assigned to a variables.</doc>
<arguments>
<arg>//*[contains(@placeholder, 'User Name (required)')]</arg>
</arguments>
<assign>
<var>${userName}</var>
</assign>
<msg timestamp="20191228 22:31:28.424" level="INFO">${userName} = //*[contains(@placeholder, 'User Name (required)')]</msg>
<status status="PASS" starttime="20191228 22:31:28.423" endtime="20191228 22:31:28.424"></status>
</kw>
<kw name="Wait Until Element Is Visible" library="SeleniumLibrary">
<doc>Waits until element ``locator`` is visible.</doc>
<arguments>
<arg>${userName}</arg>
</arguments>
<status status="PASS" starttime="20191228 22:31:28.424" endtime="20191228 22:31:28.439"></status>
</kw>
<kw name="Input Text" library="SeleniumLibrary">
<doc>Types the given ``text`` into text field identified by ``locator``.</doc>
<arguments>
<arg>${userName}</arg>
<arg>Jeff</arg>
</arguments>
<msg timestamp="20191228 22:31:28.439" level="INFO">Typing text 'Jeff' into text field '//*[contains(@placeholder, 'User Name (required)')]'.</msg>
<status status="PASS" starttime="20191228 22:31:28.439" endtime="20191228 22:31:28.542"></status>
</kw>
<kw name="Set Variable" library="BuiltIn">
<doc>Returns the given values which can then be assigned to a variables.</doc>
<arguments>
<arg>//*[contains(@placeholder, 'Password (required)')]</arg>
</arguments>
<assign>
<var>${password}</var>
</assign>
<msg timestamp="20191228 22:31:28.543" level="INFO">${password} = //*[contains(@placeholder, 'Password (required)')]</msg>
<status status="PASS" starttime="20191228 22:31:28.542" endtime="20191228 22:31:28.543"></status>
</kw>
<kw name="Wait Until Element Is Visible" library="SeleniumLibrary">
<doc>Waits until element ``locator`` is visible.</doc>
<arguments>
<arg>${password}</arg>
</arguments>
<status status="PASS" starttime="20191228 22:31:28.543" endtime="20191228 22:31:28.569"></status>
</kw>
<kw name="Input Text" library="SeleniumLibrary">
<doc>Types the given ``text`` into text field identified by ``locator``.</doc>
<arguments>
<arg>${password}</arg>
<arg>123456</arg>
</arguments>
<msg timestamp="20191228 22:31:28.570" level="INFO">Typing text '123456' into text field '//*[contains(@placeholder, 'Password (required)')]'.</msg>
<status status="PASS" starttime="20191228 22:31:28.570" endtime="20191228 22:31:28.648"></status>
</kw>
<kw name="Set Variable" library="BuiltIn">
<doc>Returns the given values which can then be assigned to a variables.</doc>
<arguments>
<arg>//button[contains(text(), 'Log In')]</arg>
</arguments>
<assign>
<var>${login}</var>
</assign>
<msg timestamp="20191228 22:31:28.649" level="INFO">${login} = //button[contains(text(), 'Log In')]</msg>
<status status="PASS" starttime="20191228 22:31:28.648" endtime="20191228 22:31:28.649"></status>
</kw>
<kw name="Wait Until Element Is Visible" library="SeleniumLibrary">
<doc>Waits until element ``locator`` is visible.</doc>
<arguments>
<arg>${login}</arg>
</arguments>
<status status="PASS" starttime="20191228 22:31:28.649" endtime="20191228 22:31:28.675"></status>
</kw>
<kw name="Click Button" library="SeleniumLibrary">
<doc>Clicks button identified by ``locator``.</doc>
<arguments>
<arg>${login}</arg>
</arguments>
<msg timestamp="20191228 22:31:28.676" level="INFO">Clicking button '//button[contains(text(), 'Log In')]'.</msg>
<status status="PASS" starttime="20191228 22:31:28.675" endtime="20191228 22:31:28.746"></status>
</kw>
<status status="PASS" starttime="20191228 22:31:16.623" endtime="20191228 22:31:28.746"></status>
</kw>
<kw name="Wait And Click" library="keyword">
<arguments>
<arg>xpath://*[contains(@class, 'nav-item')]//*[text()='照護']</arg>
</arguments>
<kw name="Wait Until Element Is Visible" library="SeleniumLibrary">
<doc>Waits until element ``locator`` is visible.</doc>
<arguments>
<arg>${element}</arg>
</arguments>
<status status="PASS" starttime="20191228 22:31:28.747" endtime="20191228 22:31:28.980"></status>
</kw>
<kw name="Click Element" library="SeleniumLibrary">
<doc>Click element identified by ``locator``.</doc>
<arguments>
<arg>${element}</arg>
</arguments>
<msg timestamp="20191228 22:31:28.981" level="INFO">Clicking element 'xpath://*[contains(@class, 'nav-item')]//*[text()='照護']'.</msg>
<status status="PASS" starttime="20191228 22:31:28.980" endtime="20191228 22:31:29.063"></status>
</kw>
<status status="PASS" starttime="20191228 22:31:28.747" endtime="20191228 22:31:29.063"></status>
</kw>
<kw name="Wait And Click" library="keyword">
<arguments>
<arg>xpath://*[text()='新增']</arg>
</arguments>
<kw name="Wait Until Element Is Visible" library="SeleniumLibrary">
<doc>Waits until element ``locator`` is visible.</doc>
<arguments>
<arg>${element}</arg>
</arguments>
<status status="PASS" starttime="20191228 22:31:29.065" endtime="20191228 22:31:29.108"></status>
</kw>
<kw name="Click Element" library="SeleniumLibrary">
<doc>Click element identified by ``locator``.</doc>
<arguments>
<arg>${element}</arg>
</arguments>
<msg timestamp="20191228 22:31:29.108" level="INFO">Clicking element 'xpath://*[text()='新增']'.</msg>
<status status="PASS" starttime="20191228 22:31:29.108" endtime="20191228 22:31:29.276"></status>
</kw>
<status status="PASS" starttime="20191228 22:31:29.064" endtime="20191228 22:31:29.276"></status>
</kw>
<kw name="Set Variable" library="BuiltIn">
<doc>Returns the given values which can then be assigned to a variables.</doc>
<arguments>
<arg>//*[contains(@class, 'mat-form-field-infix')]//*[contains(@ng-reflect-placeholder, '照護名稱')]</arg>
</arguments>
<assign>
<var>${carePlanName}</var>
</assign>
<msg timestamp="20191228 22:31:29.277" level="INFO">${carePlanName} = //*[contains(@class, 'mat-form-field-infix')]//*[contains(@ng-reflect-placeholder, '照護名稱')]</msg>
<status status="PASS" starttime="20191228 22:31:29.276" endtime="20191228 22:31:29.277"></status>
</kw>
<kw name="Wait And Click" library="keyword">
<arguments>
<arg>${carePlanName}</arg>
</arguments>
<kw name="Wait Until Element Is Visible" library="SeleniumLibrary">
<doc>Waits until element ``locator`` is visible.</doc>
<arguments>
<arg>${element}</arg>
</arguments>
<status status="PASS" starttime="20191228 22:31:29.278" endtime="20191228 22:31:29.310"></status>
</kw>
<kw name="Click Element" library="SeleniumLibrary">
<doc>Click element identified by ``locator``.</doc>
<arguments>
<arg>${element}</arg>
</arguments>
<msg timestamp="20191228 22:31:29.310" level="INFO">Clicking element '//*[contains(@class, 'mat-form-field-infix')]//*[contains(@ng-reflect-placeholder, '照護名稱')]'.</msg>
<status status="PASS" starttime="20191228 22:31:29.310" endtime="20191228 22:31:29.470"></status>
</kw>
<status status="PASS" starttime="20191228 22:31:29.277" endtime="20191228 22:31:29.471"></status>
</kw>
<kw name="Wait And Input" library="keyword">
<arguments>
<arg>${carePlanName}</arg>
<arg>測試用照護</arg>
</arguments>
<kw name="Wait Until Element Is Visible" library="SeleniumLibrary">
<doc>Waits until element ``locator`` is visible.</doc>
<arguments>
<arg>${element}</arg>
</arguments>
<status status="PASS" starttime="20191228 22:31:29.472" endtime="20191228 22:31:29.500"></status>
</kw>
<kw name="Input Text" library="SeleniumLibrary">
<doc>Types the given ``text`` into text field identified by ``locator``.</doc>
<arguments>
<arg>${element}</arg>
<arg>${input}</arg>
</arguments>
<msg timestamp="20191228 22:31:29.501" level="INFO">Typing text '測試用照護' into text field '//*[contains(@class, 'mat-form-field-infix')]//*[contains(@ng-reflect-placeholder, '照護名稱')]'.</msg>
<status status="PASS" starttime="20191228 22:31:29.501" endtime="20191228 22:31:29.604"></status>
</kw>
<status status="PASS" starttime="20191228 22:31:29.471" endtime="20191228 22:31:29.605"></status>
</kw>
<kw name="Wait And Click" library="keyword">
<arguments>
<arg>xpath://*[contains(@class, 'mat-select-arrow-wrapper')]//*[contains(@class, 'mat-select-arrow')]</arg>
</arguments>
<kw name="Wait Until Element Is Visible" library="SeleniumLibrary">
<doc>Waits until element ``locator`` is visible.</doc>
<arguments>
<arg>${element}</arg>
</arguments>
<status status="PASS" starttime="20191228 22:31:29.606" endtime="20191228 22:31:29.638"></status>
</kw>
<kw name="Click Element" library="SeleniumLibrary">
<doc>Click element identified by ``locator``.</doc>
<arguments>
<arg>${element}</arg>
</arguments>
<msg timestamp="20191228 22:31:29.639" level="INFO">Clicking element 'xpath://*[contains(@class, 'mat-select-arrow-wrapper')]//*[contains(@class, 'mat-select-arrow')]'.</msg>
<status status="PASS" starttime="20191228 22:31:29.638" endtime="20191228 22:31:29.725"></status>
</kw>
<status status="PASS" starttime="20191228 22:31:29.606" endtime="20191228 22:31:29.726"></status>
</kw>
<kw name="Wait And Click" library="keyword">
<arguments>
<arg>xpath://*[contains(@id, 'mat-option-0')]</arg>
</arguments>
<kw name="Wait Until Element Is Visible" library="SeleniumLibrary">
<doc>Waits until element ``locator`` is visible.</doc>
<arguments>
<arg>${element}</arg>
</arguments>
<status status="PASS" starttime="20191228 22:31:29.726" endtime="20191228 22:31:29.757"></status>
</kw>
<kw name="Click Element" library="SeleniumLibrary">
<doc>Click element identified by ``locator``.</doc>
<arguments>
<arg>${element}</arg>
</arguments>
<msg timestamp="20191228 22:31:29.758" level="INFO">Clicking element 'xpath://*[contains(@id, 'mat-option-0')]'.</msg>
<status status="PASS" starttime="20191228 22:31:29.757" endtime="20191228 22:31:29.891"></status>
</kw>
<status status="PASS" starttime="20191228 22:31:29.726" endtime="20191228 22:31:29.892"></status>
</kw>
<kw name="Set Variable" library="BuiltIn">
<doc>Returns the given values which can then be assigned to a variables.</doc>
<arguments>
<arg>//*[contains(@class, 'mat-form-field-infix')]//*[contains(@ng-reflect-placeholder, '標準值')]</arg>
</arguments>
<assign>
<var>${standardValue}</var>
</assign>
<msg timestamp="20191228 22:31:29.893" level="INFO">${standardValue} = //*[contains(@class, 'mat-form-field-infix')]//*[contains(@ng-reflect-placeholder, '標準值')]</msg>
<status status="PASS" starttime="20191228 22:31:29.892" endtime="20191228 22:31:29.893"></status>
</kw>
<kw name="Wait And Click" library="keyword">
<arguments>
<arg>${standardValue}</arg>
</arguments>
<kw name="Wait Until Element Is Visible" library="SeleniumLibrary">
<doc>Waits until element ``locator`` is visible.</doc>
<arguments>
<arg>${element}</arg>
</arguments>
<status status="PASS" starttime="20191228 22:31:29.895" endtime="20191228 22:31:29.922"></status>
</kw>
<kw name="Click Element" library="SeleniumLibrary">
<doc>Click element identified by ``locator``.</doc>
<arguments>
<arg>${element}</arg>
</arguments>
<msg timestamp="20191228 22:31:29.923" level="INFO">Clicking element '//*[contains(@class, 'mat-form-field-infix')]//*[contains(@ng-reflect-placeholder, '標準值')]'.</msg>
<status status="PASS" starttime="20191228 22:31:29.922" endtime="20191228 22:31:30.006"></status>
</kw>
<status status="PASS" starttime="20191228 22:31:29.893" endtime="20191228 22:31:30.006"></status>
</kw>
<kw name="Wait And Input" library="keyword">
<arguments>
<arg>${standardValue}</arg>
<arg>70</arg>
</arguments>
<kw name="Wait Until Element Is Visible" library="SeleniumLibrary">
<doc>Waits until element ``locator`` is visible.</doc>
<arguments>
<arg>${element}</arg>
</arguments>
<status status="PASS" starttime="20191228 22:31:30.007" endtime="20191228 22:31:30.025"></status>
</kw>
<kw name="Input Text" library="SeleniumLibrary">
<doc>Types the given ``text`` into text field identified by ``locator``.</doc>
<arguments>
<arg>${element}</arg>
<arg>${input}</arg>
</arguments>
<msg timestamp="20191228 22:31:30.026" level="INFO">Typing text '70' into text field '//*[contains(@class, 'mat-form-field-infix')]//*[contains(@ng-reflect-placeholder, '標準值')]'.</msg>
<status status="PASS" starttime="20191228 22:31:30.026" endtime="20191228 22:31:30.094"></status>
</kw>
<status status="PASS" starttime="20191228 22:31:30.007" endtime="20191228 22:31:30.094"></status>
</kw>
<kw name="Wait And Click Button" library="keyword">
<arguments>
<arg>xpath://button[contains(@class, 'mat-button mat-button-base ng-star-inserted')]</arg>
</arguments>
<kw name="Wait Until Element Is Visible" library="SeleniumLibrary">
<doc>Waits until element ``locator`` is visible.</doc>
<arguments>
<arg>${element}</arg>
</arguments>
<status status="PASS" starttime="20191228 22:31:30.095" endtime="20191228 22:31:30.123"></status>
</kw>
<kw name="Click Button" library="SeleniumLibrary">
<doc>Clicks button identified by ``locator``.</doc>
<arguments>
<arg>${element}</arg>
</arguments>
<msg timestamp="20191228 22:31:30.124" level="INFO">Clicking button 'xpath://button[contains(@class, 'mat-button mat-button-base ng-star-inserted')]'.</msg>
<status status="PASS" starttime="20191228 22:31:30.123" endtime="20191228 22:31:30.205"></status>
</kw>
<status status="PASS" starttime="20191228 22:31:30.095" endtime="20191228 22:31:30.206"></status>
</kw>
<kw name="Wait Until Element Is Visible" library="SeleniumLibrary">
<doc>Waits until element ``locator`` is visible.</doc>
<arguments>
<arg>xpath://td[text()=' 測試用照護 ']</arg>
</arguments>
<status status="PASS" starttime="20191228 22:31:30.206" endtime="20191228 22:31:30.649"></status>
</kw>
<kw name="Validate Care Plan" library="keyword">
<arguments>
<arg>測試用照護</arg>
<arg>體重</arg>
</arguments>
<kw name="Sleep" library="BuiltIn">
<doc>Pauses the test executed for the given time.</doc>
<arguments>
<arg>90s</arg>
</arguments>
<msg timestamp="20191228 22:33:00.653" level="INFO">Slept 1 minute 30 seconds</msg>
<status status="PASS" starttime="20191228 22:31:30.651" endtime="20191228 22:33:00.653"></status>
</kw>
<kw name="Wait And Click" library="keyword">
<arguments>
<arg>xpath://a[@routerlink='/home']</arg>
</arguments>
<kw name="Wait Until Element Is Visible" library="SeleniumLibrary">
<doc>Waits until element ``locator`` is visible.</doc>
<arguments>
<arg>${element}</arg>
</arguments>
<status status="PASS" starttime="20191228 22:33:00.657" endtime="20191228 22:33:00.679"></status>
</kw>
<kw name="Click Element" library="SeleniumLibrary">
<doc>Click element identified by ``locator``.</doc>
<arguments>
<arg>${element}</arg>
</arguments>
<msg timestamp="20191228 22:33:00.680" level="INFO">Clicking element 'xpath://a[@routerlink='/home']'.</msg>
<status status="PASS" starttime="20191228 22:33:00.680" endtime="20191228 22:33:00.750"></status>
</kw>
<status status="PASS" starttime="20191228 22:33:00.654" endtime="20191228 22:33:00.752"></status>
</kw>
<kw name="Wait Until Element Is Visible" library="SeleniumLibrary">
<doc>Waits until element ``locator`` is visible.</doc>
<arguments>
<arg>xpath://*[contains(text(), '${carePlan}需要今天記錄你的${itme}')]</arg>
</arguments>
<status status="PASS" starttime="20191228 22:33:00.753" endtime="20191228 22:33:01.018"></status>
</kw>
<status status="PASS" starttime="20191228 22:31:30.650" endtime="20191228 22:33:01.019"></status>
</kw>
<kw name="Close Browser" library="SeleniumLibrary" type="teardown">
<doc>Closes the current browser.</doc>
<status status="PASS" starttime="20191228 22:33:01.019" endtime="20191228 22:33:03.149"></status>
</kw>
<status status="PASS" starttime="20191228 22:31:16.622" endtime="20191228 22:33:03.150" critical="yes"></status>
</test>
<status status="PASS" starttime="20191228 22:31:16.489" endtime="20191228 22:33:03.152"></status>
</suite>
<status status="PASS" starttime="20191228 22:31:16.487" endtime="20191228 22:33:03.155"></status>
</suite>
<status status="PASS" starttime="20191228 22:31:16.467" endtime="20191228 22:33:03.156"></status>
</suite>
<statistics>
<total>
<stat pass="1" fail="0">Critical Tests</stat>
<stat pass="1" fail="0">All Tests</stat>
</total>
<tag>
</tag>
<suite>
<stat pass="1" fail="0" id="s1" name="Project">Project</stat>
<stat pass="1" fail="0" id="s1-s1" name="HMS">Project.HMS</stat>
<stat pass="1" fail="0" id="s1-s1-s1" name="HMS-TC-01-11">Project.HMS.HMS-TC-01-11</stat>
</suite>
</statistics>
<errors>
</errors>
</robot>
